<?xml version="1.0" encoding="UTF-8"?>
<testng-results skipped="0" failed="0" ignored="0" total="1" passed="1">
  <reporter-output>
  </reporter-output>
  <suite name="Default suite" duration-ms="24915" started-at="2020-02-23T11:09:21Z" finished-at="2020-02-23T11:09:46Z">
    <groups>
    </groups>
    <test name="Default test" duration-ms="24915" started-at="2020-02-23T11:09:21Z" finished-at="2020-02-23T11:09:46Z">
      <class name="org.test.Keyboardactions">
        <test-method status="PASS" signature="beforeTest()[pri:0, instance:org.test.Keyboardactions@5e5792a0]" name="beforeTest" is-config="true" duration-ms="16952" started-at="2020-02-23T11:09:21Z" finished-at="2020-02-23T11:09:38Z">
          <reporter-output>
          </reporter-output>
        </test-method> <!-- beforeTest -->
        <test-method status="PASS" signature="f()[pri:0, instance:org.test.Keyboardactions@5e5792a0]" name="f" duration-ms="7934" started-at="2020-02-23T11:09:38Z" finished-at="2020-02-23T11:09:46Z">
          <reporter-output>
          </reporter-output>
        </test-method> <!-- f -->
        <test-method status="PASS" signature="afterTest()[pri:0, instance:org.test.Keyboardactions@5e5792a0]" name="afterTest" is-config="true" duration-ms="0" started-at="2020-02-23T11:09:46Z" finished-at="2020-02-23T11:09:46Z">
          <reporter-output>
          </reporter-output>
        </test-method> <!-- afterTest -->
      </class> <!-- org.test.Keyboardactions -->
    </test> <!-- Default test -->
  </suite> <!-- Default suite -->
</testng-results>
